<?xml version="1.0" encoding="UTF-8"?>
<!-- Generated by org.testng.reporters.JUnitReportReporter -->
<testsuite hostname="HOME-PC" failures="0" tests="1" name="PT.DetoxTea" time="33.583" errors="0" timestamp="2021-05-18T09:52:17 MSK" skipped="0">
  <testcase classname="PT.DetoxTea" name="detoxTea" time="33.583"/>
  <system-out/>
</testsuite> <!-- PT.DetoxTea -->
