<?xml version="1.0" encoding="UTF-8"?>
<!-- Generated by org.testng.reporters.JUnitReportReporter -->
<testsuite hostname="HOME-PC" failures="0" tests="1" name="RO.DetoxTea" time="57.445" errors="0" timestamp="2021-06-16T11:52:35 MSK" skipped="0">
  <testcase classname="RO.DetoxTea" name="detoxTea" time="57.445"/>
  <system-out/>
</testsuite> <!-- RO.DetoxTea -->
