<?xml version="1.0" encoding="UTF-8"?>
<!-- Generated by org.testng.reporters.JUnitReportReporter -->
<testsuite hostname="HOME-PC" failures="0" tests="4" name="IT.IT_DetoxTea" time="39.227" errors="0" timestamp="05 Apr 2021 07:09:39 GMT" skipped="0">
  <testcase classname="IT.IT_DetoxTea" name="detoxPinkBottle" time="9.125"/>
  <testcase classname="IT.IT_DetoxTea" name="detoxSlimfit" time="7.945"/>
  <testcase classname="IT.IT_DetoxTea" name="detoxTea" time="8.123"/>
  <testcase classname="IT.IT_DetoxTea" name="detoxSuperFood" time="14.034"/>
</testsuite> <!-- IT.IT_DetoxTea -->
