<?xml version="1.0" encoding="UTF-8"?>
<!-- Generated by org.testng.reporters.JUnitReportReporter -->
<testsuite hostname="HOME-PC" failures="0" tests="1" name="EE.SlimfitTea" time="42.109" errors="0" timestamp="2021-06-29T17:06:24 MSK" skipped="0">
  <testcase classname="EE.SlimfitTea" name="slimfitTea" time="42.109"/>
  <system-out/>
</testsuite> <!-- EE.SlimfitTea -->
