<?xml version="1.0" encoding="UTF-8"?>
<!-- Generated by org.testng.reporters.JUnitReportReporter -->
<testsuite hostname="HOME-PC" failures="0" tests="1" name="PT.WellnessTea" time="31.338" errors="0" timestamp="2021-05-18T14:02:26 MSK" skipped="0">
  <testcase classname="PT.WellnessTea" name="wellnessTea" time="31.338"/>
  <system-out/>
</testsuite> <!-- PT.WellnessTea -->
