<?xml version="1.0" encoding="UTF-8"?>
<!-- Generated by org.testng.reporters.JUnitReportReporter -->
<testsuite hostname="HOME-PC" failures="0" tests="1" name="HR.SlimfitTea" time="43.852" errors="0" timestamp="2021-06-28T09:30:45 MSK" skipped="0">
  <testcase classname="HR.SlimfitTea" name="slimfitTea" time="43.852"/>
  <system-out/>
</testsuite> <!-- HR.SlimfitTea -->
