<?xml version="1.0" encoding="UTF-8"?>
<!-- Generated by org.testng.reporters.JUnitReportReporter -->
<testsuite hostname="HOME-PC" failures="0" tests="1" name="PL.WellnessTea" time="33.643" errors="0" timestamp="2021-05-18T09:45:05 MSK" skipped="0">
  <testcase classname="PL.WellnessTea" name="wellnessTea" time="33.643"/>
  <system-out/>
</testsuite> <!-- PL.WellnessTea -->
