<?xml version="1.0" encoding="UTF-8"?>
<!-- Generated by org.testng.reporters.JUnitReportReporter -->
<testsuite hostname="HOME-PC" failures="0" tests="1" name="LT.LT_WellnessTea" time="43.156" errors="0" timestamp="2021-05-17T16:52:38 MSK" skipped="0">
  <testcase classname="LT.LT_WellnessTea" name="WellnessTeaDetoxTea" time="43.156"/>
  <system-out/>
</testsuite> <!-- LT.LT_WellnessTea -->
