<?xml version="1.0" encoding="UTF-8"?>
<!-- Generated by org.testng.reporters.JUnitReportReporter -->
<testsuite hostname="HOME-PC" failures="0" tests="4" name="LT_live.LT_SlimfitTea" time="40.343" errors="0" timestamp="07 Apr 2021 11:46:31 GMT" skipped="0">
  <testcase classname="LT_live.LT_SlimfitTea" name="SlimfitTeaBlackBottle" time="9.680"/>
  <testcase classname="LT_live.LT_SlimfitTea" name="SlimfitTeaSuperFood" time="10.685"/>
  <testcase classname="LT_live.LT_SlimfitTea" name="SlimfitTeaDetoxTea" time="9.583"/>
  <testcase classname="LT_live.LT_SlimfitTea" name="SlimfitTea" time="10.395"/>
</testsuite> <!-- LT_live.LT_SlimfitTea -->
