<?xml version="1.0" encoding="UTF-8"?>
<!-- Generated by org.testng.reporters.JUnitReportReporter -->
<testsuite hostname="HOME-PC" failures="0" tests="1" name="IT.SuperFood" time="25.803" errors="0" timestamp="2021-05-17T16:35:45 MSK" skipped="0">
  <testcase classname="IT.SuperFood" name="slimfitSuperFood" time="25.803"/>
  <system-out/>
</testsuite> <!-- IT.SuperFood -->
