<?xml version="1.0" encoding="UTF-8"?>
<!-- Generated by org.testng.reporters.JUnitReportReporter -->
<testsuite hostname="HOME-PC" failures="0" tests="1" name="GR.DetoxTea" time="34.489" errors="0" timestamp="2021-06-29T17:14:12 MSK" skipped="0">
  <testcase classname="GR.DetoxTea" name="detoxTea" time="34.489"/>
  <system-out/>
</testsuite> <!-- GR.DetoxTea -->
