<?xml version="1.0" encoding="UTF-8"?>
<!-- Generated by org.testng.reporters.JUnitReportReporter -->
<testsuite hostname="HOME-PC" failures="0" tests="1" name="EE.SlimfitTea" time="40.722" errors="0" timestamp="2021-05-17T11:35:28 MSK" skipped="0">
  <testcase classname="EE.SlimfitTea" name="slimfitTea" time="40.722"/>
  <system-out/>
</testsuite> <!-- EE.SlimfitTea -->
