<?xml version="1.0" encoding="UTF-8"?>
<!-- Generated by org.testng.reporters.JUnitReportReporter -->
<testsuite hostname="HOME-PC" failures="0" tests="1" name="LT.SuperFood" time="19.129" errors="0" timestamp="2021-05-19T09:51:36 MSK" skipped="0">
  <testcase classname="LT.SuperFood" name="slimfitSuperFood" time="19.129"/>
  <system-out/>
</testsuite> <!-- LT.SuperFood -->
