<?xml version="1.0" encoding="UTF-8"?>
<!-- Generated by org.testng.reporters.JUnitReportReporter -->
<testsuite hostname="HOME-PC" failures="0" tests="1" name="IT.SlimfitTea" time="43.095" errors="0" timestamp="2021-06-21T08:46:17 MSK" skipped="0">
  <testcase classname="IT.SlimfitTea" name="IT_SlimfitTea" time="43.095"/>
  <system-out/>
</testsuite> <!-- IT.SlimfitTea -->
