<?xml version="1.0" encoding="UTF-8"?>
<!-- Generated by org.testng.reporters.JUnitReportReporter -->
<testsuite hostname="HOME-PC" failures="0" tests="1" name="GR.SuperFood" time="38.314" errors="0" timestamp="2021-05-18T15:56:50 MSK" skipped="0">
  <testcase classname="GR.SuperFood" name="slimfitSuperFood" time="38.314"/>
  <system-out/>
</testsuite> <!-- GR.SuperFood -->
