<?xml version="1.0" encoding="UTF-8"?>
<!-- Generated by org.testng.reporters.JUnitReportReporter -->
<testsuite hostname="HOME-PC" failures="0" tests="1" name="SK.DetoxTea" time="46.685" errors="0" timestamp="2021-06-29T17:18:30 MSK" skipped="0">
  <testcase classname="SK.DetoxTea" name="detoxTea" time="46.685"/>
  <system-out/>
</testsuite> <!-- SK.DetoxTea -->
