<?xml version="1.0" encoding="UTF-8"?>
<!-- Generated by org.testng.reporters.JUnitReportReporter -->
<testsuite hostname="HOME-PC" failures="0" tests="1" name="GR.WellnessTea" time="31.826" errors="0" timestamp="2021-05-18T15:59:01 MSK" skipped="0">
  <testcase classname="GR.WellnessTea" name="wellnessTea" time="31.826"/>
  <system-out/>
</testsuite> <!-- GR.WellnessTea -->
