<?xml version="1.0" encoding="UTF-8"?>
<!-- Generated by org.testng.reporters.JUnitReportReporter -->
<testsuite hostname="HOME-PC" failures="0" tests="1" name="HR.WellnessTea" time="30.834" errors="0" timestamp="2021-05-18T11:45:31 MSK" skipped="0">
  <testcase classname="HR.WellnessTea" name="wellnessTea" time="30.834"/>
  <system-out/>
</testsuite> <!-- HR.WellnessTea -->
