<?xml version="1.0" encoding="UTF-8"?>
<!-- Generated by org.testng.reporters.JUnitReportReporter -->
<testsuite hostname="HOME-PC" failures="0" tests="1" name="LV.DetoxTea" time="30.419" errors="0" timestamp="2021-06-17T13:50:53 MSK" skipped="0">
  <testcase classname="LV.DetoxTea" name="detoxTea" time="30.419"/>
  <system-out/>
</testsuite> <!-- LV.DetoxTea -->
