<?xml version="1.0" encoding="UTF-8"?>
<!-- Generated by org.testng.reporters.JUnitReportReporter -->
<testsuite hostname="HOME-PC" failures="0" tests="1" name="EE.SuperFood" time="23.424" errors="0" timestamp="2021-06-15T16:12:12 MSK" skipped="0">
  <testcase classname="EE.SuperFood" name="slimfitSuperFood" time="23.424"/>
  <system-out/>
</testsuite> <!-- EE.SuperFood -->
