<?xml version="1.0" encoding="UTF-8"?>
<!-- Generated by org.testng.reporters.JUnitReportReporter -->
<testsuite hostname="HOME-PC" failures="0" tests="1" name="HU.HU_slimfitTea" time="42.722" errors="0" timestamp="2021-06-29T17:17:34 MSK" skipped="0">
  <testcase classname="HU.HU_slimfitTea" name="HU_SlimfitTea" time="42.722"/>
  <system-out/>
</testsuite> <!-- HU.HU_slimfitTea -->
