<?xml version="1.0" encoding="UTF-8"?>
<!-- Generated by org.testng.reporters.JUnitReportReporter -->
<testsuite hostname="HOME-PC" failures="0" tests="1" name="SK.SlimfitTea" time="30.309" errors="0" timestamp="2021-05-18T11:06:44 MSK" skipped="0">
  <testcase classname="SK.SlimfitTea" name="SK_SlimfitTea" time="30.309"/>
  <system-out/>
</testsuite> <!-- SK.SlimfitTea -->
