<?xml version="1.0" encoding="UTF-8"?>
<!-- Generated by org.testng.reporters.JUnitReportReporter -->
<testsuite hostname="HOME-PC" failures="0" tests="1" name="HU.SuperFood" time="26.093" errors="0" timestamp="2021-05-17T16:23:30 MSK" skipped="0">
  <testcase classname="HU.SuperFood" name="slimfitSuperFood" time="26.093"/>
  <system-out/>
</testsuite> <!-- HU.SuperFood -->
