<?xml version="1.0" encoding="UTF-8"?>
<!-- Generated by org.testng.reporters.JUnitReportReporter -->
<testsuite hostname="HOME-PC" failures="0" tests="1" name="SI.SuperFood" time="35.019" errors="0" timestamp="2021-06-15T16:29:06 MSK" skipped="0">
  <testcase classname="SI.SuperFood" name="slimfitSuperFood" time="35.019"/>
  <system-out/>
</testsuite> <!-- SI.SuperFood -->
