<?xml version="1.0" encoding="UTF-8"?>
<!-- Generated by org.testng.reporters.JUnitReportReporter -->
<testsuite hostname="HOME-PC" failures="0" tests="1" name="SI.DetoxTea" time="32.602" errors="0" timestamp="2021-06-24T15:10:33 MSK" skipped="0">
  <testcase classname="SI.DetoxTea" name="detoxTea" time="32.602"/>
  <system-out/>
</testsuite> <!-- SI.DetoxTea -->
