<?xml version="1.0" encoding="UTF-8"?>
<!-- Generated by org.testng.reporters.JUnitReportReporter -->
<testsuite hostname="HOME-PC" failures="0" tests="1" name="HU.WellnessTea" time="33.424" errors="0" timestamp="2021-05-17T16:24:39 MSK" skipped="0">
  <testcase classname="HU.WellnessTea" name="wellnessTea" time="33.424"/>
  <system-out/>
</testsuite> <!-- HU.WellnessTea -->
