<?xml version="1.0" encoding="UTF-8"?>
<!-- Generated by org.testng.reporters.JUnitReportReporter -->
<testsuite hostname="HOME-PC" failures="0" tests="1" name="RO.SlimfitTea" time="34.351" errors="0" timestamp="2021-05-18T10:07:55 MSK" skipped="0">
  <testcase classname="RO.SlimfitTea" name="PL_SlimfitTea" time="34.351"/>
  <system-out/>
</testsuite> <!-- RO.SlimfitTea -->
