<?xml version="1.0" encoding="UTF-8"?>
<!-- Generated by org.testng.reporters.JUnitReportReporter -->
<testsuite hostname="HOME-PC" failures="0" tests="1" name="SI.WellnessTea" time="41.798" errors="0" timestamp="2021-05-18T10:59:05 MSK" skipped="0">
  <testcase classname="SI.WellnessTea" name="wellnessTea" time="41.798"/>
  <system-out/>
</testsuite> <!-- SI.WellnessTea -->
