<?xml version="1.0" encoding="UTF-8"?>
<!-- Generated by org.testng.reporters.JUnitReportReporter -->
<testsuite hostname="HOME-PC" failures="0" tests="1" name="LV.SlimfitTea" time="40.100" errors="0" timestamp="2021-06-17T13:53:23 MSK" skipped="0">
  <testcase classname="LV.SlimfitTea" name="slimfitTea" time="40.100"/>
  <system-out/>
</testsuite> <!-- LV.SlimfitTea -->
