<?xml version="1.0" encoding="UTF-8"?>
<!-- Generated by org.testng.reporters.JUnitReportReporter -->
<testsuite hostname="HOME-PC" failures="0" tests="1" name="IT.Detox_Tea" time="36.753" errors="0" timestamp="2021-05-17T16:26:26 MSK" skipped="0">
  <testcase classname="IT.Detox_Tea" name="detoxTea" time="36.753"/>
  <system-out/>
</testsuite> <!-- IT.Detox_Tea -->
