<?xml version="1.0" encoding="UTF-8"?>
<!-- Generated by org.testng.reporters.JUnitReportReporter -->
<testsuite hostname="HOME-PC" failures="0" tests="1" name="LT.LT_SlimfitTea" time="30.047" errors="0" timestamp="2021-05-17T16:50:49 MSK" skipped="0">
  <testcase classname="LT.LT_SlimfitTea" name="SlimfitTeaCOD" time="30.047"/>
  <system-out/>
</testsuite> <!-- LT.LT_SlimfitTea -->
