<?xml version="1.0" encoding="UTF-8"?>
<!-- Generated by org.testng.reporters.JUnitReportReporter -->
<testsuite hostname="HOME-PC" failures="0" tests="1" name="PT.SlimfitTea" time="44.231" errors="0" timestamp="2021-06-21T08:48:49 MSK" skipped="0">
  <testcase classname="PT.SlimfitTea" name="IT_SlimfitSuperFoodAdyen" time="44.231"/>
  <system-out/>
</testsuite> <!-- PT.SlimfitTea -->
