<?xml version="1.0" encoding="UTF-8"?>
<!-- Generated by org.testng.reporters.JUnitReportReporter -->
<testsuite hostname="HOME-PC" failures="0" tests="1" name="SK.DetoxTea" time="44.590" errors="0" timestamp="2021-05-18T11:03:22 MSK" skipped="0">
  <testcase classname="SK.DetoxTea" name="detoxTea" time="44.590"/>
  <system-out/>
</testsuite> <!-- SK.DetoxTea -->
