<?xml version="1.0" encoding="UTF-8"?>
<!-- Generated by org.testng.reporters.JUnitReportReporter -->
<testsuite hostname="HOME-PC" failures="0" tests="1" name="BE.BE_Summer" time="32.077" errors="0" timestamp="2021-06-29T16:53:28 MSK" skipped="0">
  <testcase classname="BE.BE_Summer" name="NL_DetoxTeaVariations" time="32.077"/>
  <system-out/>
</testsuite> <!-- BE.BE_Summer -->
