<?xml version="1.0" encoding="UTF-8"?>
<!-- Generated by org.testng.reporters.JUnitReportReporter -->
<testsuite hostname="HOME-PC" failures="0" tests="1" name="PT.DetoxTea" time="32.100" errors="0" timestamp="2021-06-18T09:36:41 MSK" skipped="0">
  <testcase classname="PT.DetoxTea" name="detoxTea" time="32.100"/>
  <system-out/>
</testsuite> <!-- PT.DetoxTea -->
