<?xml version="1.0" encoding="UTF-8"?>
<!-- Generated by org.testng.reporters.JUnitReportReporter -->
<testsuite hostname="HOME-PC" failures="0" tests="1" name="IT.Detox_Tea" time="33.216" errors="0" timestamp="2021-06-21T08:45:29 MSK" skipped="0">
  <testcase classname="IT.Detox_Tea" name="detoxTea" time="33.216"/>
  <system-out/>
</testsuite> <!-- IT.Detox_Tea -->
