<?xml version="1.0" encoding="UTF-8"?>
<!-- Generated by org.testng.reporters.JUnitReportReporter -->
<testsuite hostname="HOME-PC" failures="0" tests="1" name="base.DetoxTea" time="8.288" errors="0" timestamp="05 Apr 2021 06:09:45 GMT" skipped="0">
  <testcase classname="base.DetoxTea" name="DetoxTea1" time="8.288"/>
</testsuite> <!-- base.DetoxTea -->
