<?xml version="1.0" encoding="UTF-8"?>
<!-- Generated by org.testng.reporters.JUnitReportReporter -->
<testsuite hostname="HOME-PC" failures="0" tests="1" name="NL.NL_DetoxTea" time="45.210" errors="0" timestamp="2021-06-29T09:41:47 MSK" skipped="0">
  <testcase classname="NL.NL_DetoxTea" name="NL_DetoxTeaVariations" time="45.210"/>
  <system-out/>
</testsuite> <!-- NL.NL_DetoxTea -->
