<?xml version="1.0" encoding="UTF-8"?>
<!-- Generated by org.testng.reporters.JUnitReportReporter -->
<testsuite hostname="HOME-PC" failures="0" tests="1" name="EE.DetoxTea" time="31.615" errors="0" timestamp="2021-06-29T17:05:37 MSK" skipped="0">
  <testcase classname="EE.DetoxTea" name="detoxTea" time="31.615"/>
  <system-out/>
</testsuite> <!-- EE.DetoxTea -->
