<?xml version="1.0" encoding="UTF-8"?>
<!-- Generated by org.testng.reporters.JUnitReportReporter -->
<testsuite hostname="HOME-PC" failures="0" tests="1" name="BG.SlimfitTea" time="34.167" errors="0" timestamp="2021-06-01T14:02:34 MSK" skipped="0">
  <testcase classname="BG.SlimfitTea" name="SlimfitTea1" time="34.167"/>
  <system-out/>
</testsuite> <!-- BG.SlimfitTea -->
