<?xml version="1.0" encoding="UTF-8"?>
<!-- Generated by org.testng.reporters.JUnitReportReporter -->
<testsuite hostname="HOME-PC" failures="0" tests="1" name="HU.DetoxTea" time="37.520" errors="0" timestamp="2021-06-29T17:16:46 MSK" skipped="0">
  <testcase classname="HU.DetoxTea" name="detoxTea" time="37.520"/>
  <system-out/>
</testsuite> <!-- HU.DetoxTea -->
