<?xml version="1.0" encoding="UTF-8"?>
<!-- Generated by org.testng.reporters.JUnitReportReporter -->
<testsuite hostname="HOME-PC" failures="0" tests="1" name="DE.DE_DetoxTea" time="58.763" errors="0" timestamp="2021-06-29T17:04:58 MSK" skipped="0">
  <testcase classname="DE.DE_DetoxTea" name="DE_DetoxVariationsAdyen" time="58.763"/>
  <system-out/>
</testsuite> <!-- DE.DE_DetoxTea -->
