<?xml version="1.0" encoding="UTF-8"?>
<!-- Generated by org.testng.reporters.JUnitReportReporter -->
<testsuite hostname="HOME-PC" failures="0" tests="1" name="LT.NewTest" time="0.006" errors="0" timestamp="10 May 2021 14:54:56 GMT" skipped="0">
  <testcase classname="LT.NewTest" name="f" time="0.006"/>
</testsuite> <!-- LT.NewTest -->
