<?xml version="1.0" encoding="UTF-8"?>
<!-- Generated by org.testng.reporters.JUnitReportReporter -->
<testsuite hostname="HOME-PC" failures="0" tests="1" name="CZ.SuperFood" time="24.378" errors="0" timestamp="2021-06-09T17:11:13 MSK" skipped="0">
  <testcase classname="CZ.SuperFood" name="superFood" time="24.378"/>
  <system-out/>
</testsuite> <!-- CZ.SuperFood -->
