<?xml version="1.0" encoding="UTF-8"?>
<!-- Generated by org.testng.reporters.JUnitReportReporter -->
<testsuite hostname="HOME-PC" failures="0" tests="1" name="HU.HU_slimfitTea" time="41.493" errors="0" timestamp="2021-05-18T17:21:45 MSK" skipped="0">
  <testcase classname="HU.HU_slimfitTea" name="HU_SlimfitTea" time="41.493"/>
  <system-out/>
</testsuite> <!-- HU.HU_slimfitTea -->
