<?xml version="1.0" encoding="UTF-8"?>
<!-- Generated by org.testng.reporters.JUnitReportReporter -->
<testsuite hostname="HOME-PC" failures="0" tests="1" name="LV.SlimfitTea" time="40.048" errors="0" timestamp="2021-05-17T17:04:40 MSK" skipped="0">
  <testcase classname="LV.SlimfitTea" name="slimfitTea" time="40.048"/>
  <system-out/>
</testsuite> <!-- LV.SlimfitTea -->
