<?xml version="1.0" encoding="UTF-8"?>
<!-- Generated by org.testng.reporters.JUnitReportReporter -->
<testsuite hostname="HOME-PC" failures="0" tests="1" name="AT.AT_DetoxTea" time="61.385" errors="0" timestamp="2021-06-29T16:52:52 MSK" skipped="0">
  <testcase classname="AT.AT_DetoxTea" name="AT_DetoxTeaVariations" time="61.385"/>
  <system-out/>
</testsuite> <!-- AT.AT_DetoxTea -->
