<?xml version="1.0" encoding="UTF-8"?>
<!-- Generated by org.testng.reporters.JUnitReportReporter -->
<testsuite hostname="HOME-PC" failures="0" tests="1" name="PT.SuperFood" time="35.562" errors="0" timestamp="2021-05-18T09:56:54 MSK" skipped="0">
  <testcase classname="PT.SuperFood" name="slimfitSuperFood" time="35.562"/>
  <system-out/>
</testsuite> <!-- PT.SuperFood -->
