<?xml version="1.0" encoding="UTF-8"?>
<!-- Generated by org.testng.reporters.JUnitReportReporter -->
<testsuite hostname="HOME-PC" failures="0" tests="1" name="ES.SlimfitTea" time="32.889" errors="0" timestamp="2021-05-17T11:43:18 MSK" skipped="0">
  <testcase classname="ES.SlimfitTea" name="ES_SlimfitTea" time="32.889"/>
  <system-out/>
</testsuite> <!-- ES.SlimfitTea -->
