<?xml version="1.0" encoding="UTF-8"?>
<!-- Generated by org.testng.reporters.JUnitReportReporter -->
<testsuite hostname="HOME-PC" failures="0" tests="1" name="GR.SlimfitTea" time="47.781" errors="0" timestamp="2021-05-18T15:53:47 MSK" skipped="0">
  <testcase classname="GR.SlimfitTea" name="GR_SlimfitTea" time="47.781"/>
  <system-out/>
</testsuite> <!-- GR.SlimfitTea -->
