<?xml version="1.0" encoding="UTF-8"?>
<!-- Generated by org.testng.reporters.JUnitReportReporter -->
<testsuite hostname="HOME-PC" failures="0" tests="1" name="base.SlimfitTea" time="11.418" errors="0" timestamp="29 Mar 2021 12:30:10 GMT" skipped="0">
  <testcase classname="base.SlimfitTea" name="SlimfitTeaSuperFood" time="11.418"/>
</testsuite> <!-- base.SlimfitTea -->
