<?xml version="1.0" encoding="UTF-8"?>
<!-- Generated by org.testng.reporters.JUnitReportReporter -->
<testsuite hostname="HOME-PC" failures="0" tests="5" name="LT_live.LT_WellnessTea" time="49.407" errors="0" timestamp="07 Apr 2021 11:46:31 GMT" skipped="0">
  <testcase classname="LT_live.LT_WellnessTea" name="WellnessTeaPinkBottle" time="9.732"/>
  <testcase classname="LT_live.LT_WellnessTea" name="WellnessTea" time="10.470"/>
  <testcase classname="LT_live.LT_WellnessTea" name="WellnessTeaSuperFood" time="10.235"/>
  <testcase classname="LT_live.LT_WellnessTea" name="WellnessVitaPack" time="9.833"/>
  <testcase classname="LT_live.LT_WellnessTea" name="WellnessTeaDetoxTea" time="9.137"/>
</testsuite> <!-- LT_live.LT_WellnessTea -->
