<?xml version="1.0" encoding="UTF-8"?>
<!-- Generated by org.testng.reporters.JUnitReportReporter -->
<testsuite hostname="HOME-PC" failures="0" tests="1" name="IT.SlimfitTea" time="43.544" errors="0" timestamp="2021-05-17T16:34:03 MSK" skipped="0">
  <testcase classname="IT.SlimfitTea" name="IT_SlimfitTea" time="43.544"/>
  <system-out/>
</testsuite> <!-- IT.SlimfitTea -->
