<?xml version="1.0" encoding="UTF-8"?>
<!-- Generated by org.testng.reporters.JUnitReportReporter -->
<testsuite hostname="HOME-PC" failures="0" tests="1" name="LV.SuperFood" time="25.045" errors="0" timestamp="2021-05-17T17:06:45 MSK" skipped="0">
  <testcase classname="LV.SuperFood" name="slimfitSuperFood" time="25.045"/>
  <system-out/>
</testsuite> <!-- LV.SuperFood -->
