<?xml version="1.0" encoding="UTF-8"?>
<!-- Generated by org.testng.reporters.JUnitReportReporter -->
<testsuite hostname="HOME-PC" failures="0" tests="1" name="HR.DetoxTea" time="33.753" errors="0" timestamp="2021-05-18T11:33:55 MSK" skipped="0">
  <testcase classname="HR.DetoxTea" name="detoxTea" time="33.753"/>
  <system-out/>
</testsuite> <!-- HR.DetoxTea -->
