<?xml version="1.0" encoding="UTF-8"?>
<!-- Generated by org.testng.reporters.JUnitReportReporter -->
<testsuite hostname="HOME-PC" failures="0" tests="1" name="CZ.SuperFood" time="26.134" errors="0" timestamp="2021-05-18T13:26:02 MSK" skipped="0">
  <testcase classname="CZ.SuperFood" name="superFood" time="26.134"/>
  <system-out/>
</testsuite> <!-- CZ.SuperFood -->
