<?xml version="1.0" encoding="UTF-8"?>
<!-- Generated by org.testng.reporters.JUnitReportReporter -->
<testsuite hostname="HOME-PC" failures="0" tests="1" name="EE.SuperFood" time="23.451" errors="0" timestamp="2021-05-17T11:36:52 MSK" skipped="0">
  <testcase classname="EE.SuperFood" name="slimfitSuperFood" time="23.451"/>
  <system-out/>
</testsuite> <!-- EE.SuperFood -->
