<?xml version="1.0" encoding="UTF-8"?>
<!-- Generated by org.testng.reporters.JUnitReportReporter -->
<testsuite hostname="HOME-PC" failures="0" tests="1" name="SK.SuperFood" time="35.615" errors="0" timestamp="2021-05-18T14:09:03 MSK" skipped="0">
  <testcase classname="SK.SuperFood" name="slimfitSuperFood" time="35.615"/>
  <system-out/>
</testsuite> <!-- SK.SuperFood -->
