<?xml version="1.0" encoding="UTF-8"?>
<!-- Generated by org.testng.reporters.JUnitReportReporter -->
<testsuite hostname="HOME-PC" failures="0" tests="1" name="SK.WellnessTea" time="32.228" errors="0" timestamp="2021-05-18T11:10:24 MSK" skipped="0">
  <testcase classname="SK.WellnessTea" name="wellnessTea" time="32.228"/>
  <system-out/>
</testsuite> <!-- SK.WellnessTea -->
