<?xml version="1.0" encoding="UTF-8"?>
<!-- Generated by org.testng.reporters.JUnitReportReporter -->
<testsuite hostname="HOME-PC" failures="0" tests="1" name="CZ.CZ_SlimfitTea" time="31.430" errors="0" timestamp="2021-06-21T08:41:18 MSK" skipped="0">
  <testcase classname="CZ.CZ_SlimfitTea" name="slimfitTea" time="31.430"/>
  <system-out/>
</testsuite> <!-- CZ.CZ_SlimfitTea -->
