<?xml version="1.0" encoding="UTF-8"?>
<!-- Generated by org.testng.reporters.JUnitReportReporter -->
<testsuite hostname="HOME-PC" failures="0" tests="1" name="LT.LT_DetoxTea" time="43.233" errors="0" timestamp="2021-06-18T11:21:51 MSK" skipped="0">
  <testcase classname="LT.LT_DetoxTea" name="detoxSlimfit" time="43.233"/>
  <system-out/>
</testsuite> <!-- LT.LT_DetoxTea -->
