<?xml version="1.0" encoding="UTF-8"?>
<!-- Generated by org.testng.reporters.JUnitReportReporter -->
<testsuite hostname="HOME-PC" failures="0" tests="1" name="DE.DE_DetoxTea" time="44.603" errors="0" timestamp="2021-05-17T11:29:25 MSK" skipped="0">
  <testcase classname="DE.DE_DetoxTea" name="DE_DetoxTeaVariations" time="44.603"/>
  <system-out/>
</testsuite> <!-- DE.DE_DetoxTea -->
