<?xml version="1.0" encoding="UTF-8"?>
<!-- Generated by org.testng.reporters.JUnitReportReporter -->
<testsuite hostname="HOME-PC" failures="0" tests="1" name="BG.SlimfitTea" time="47.179" errors="0" timestamp="2021-06-15T16:07:11 MSK" skipped="0">
  <testcase classname="BG.SlimfitTea" name="SlimfitTea1" time="47.179"/>
  <system-out/>
</testsuite> <!-- BG.SlimfitTea -->
