<?xml version="1.0" encoding="UTF-8"?>
<!-- Generated by org.testng.reporters.JUnitReportReporter -->
<testsuite hostname="HOME-PC" failures="0" tests="1" name="PL.DetoxTea" time="37.391" errors="0" timestamp="2021-06-22T14:03:44 MSK" skipped="0">
  <testcase classname="PL.DetoxTea" name="PL_detoxTea" time="37.391"/>
  <system-out/>
</testsuite> <!-- PL.DetoxTea -->
