<?xml version="1.0" encoding="UTF-8"?>
<!-- Generated by org.testng.reporters.JUnitReportReporter -->
<testsuite hostname="HOME-PC" failures="0" tests="1" name="PT.SlimfitTea" time="42.553" errors="0" timestamp="2021-05-18T09:55:14 MSK" skipped="0">
  <testcase classname="PT.SlimfitTea" name="IT_SlimfitSuperFood" time="42.553"/>
  <system-out/>
</testsuite> <!-- PT.SlimfitTea -->
