<?xml version="1.0" encoding="UTF-8"?>
<!-- Generated by org.testng.reporters.JUnitReportReporter -->
<testsuite hostname="HOME-PC" failures="0" tests="1" name="FI.FI_Summer" time="42.617" errors="0" timestamp="2021-06-22T10:58:40 MSK" skipped="0">
  <testcase classname="FI.FI_Summer" name="SummerdetoxTea" time="42.617"/>
  <system-out/>
</testsuite> <!-- FI.FI_Summer -->
