<?xml version="1.0" encoding="UTF-8"?>
<!-- Generated by org.testng.reporters.JUnitReportReporter -->
<testsuite hostname="HOME-PC" failures="0" tests="1" name="PL.DetoxTea" time="34.183" errors="0" timestamp="2021-05-18T09:28:43 MSK" skipped="0">
  <testcase classname="PL.DetoxTea" name="PL_detoxTea" time="34.183"/>
  <system-out/>
</testsuite> <!-- PL.DetoxTea -->
