<?xml version="1.0" encoding="UTF-8"?>
<!-- Generated by org.testng.reporters.JUnitReportReporter -->
<testsuite hostname="HOME-PC" failures="0" tests="1" name="LV.WellnessTea" time="40.252" errors="0" timestamp="2021-06-15T16:22:02 MSK" skipped="0">
  <testcase classname="LV.WellnessTea" name="wellnessTea" time="40.252"/>
  <system-out/>
</testsuite> <!-- LV.WellnessTea -->
