<?xml version="1.0" encoding="UTF-8"?>
<!-- Generated by org.testng.reporters.JUnitReportReporter -->
<testsuite hostname="HOME-PC" failures="0" tests="1" name="LV.DetoxTea" time="31.856" errors="0" timestamp="2021-05-17T17:00:41 MSK" skipped="0">
  <testcase classname="LV.DetoxTea" name="detoxTea" time="31.856"/>
  <system-out/>
</testsuite> <!-- LV.DetoxTea -->
