<?xml version="1.0" encoding="UTF-8"?>
<!-- Generated by org.testng.reporters.JUnitReportReporter -->
<testsuite hostname="HOME-PC" failures="0" tests="1" name="CZ.CZ_DetoxTea" time="57.868" errors="0" timestamp="2021-06-29T17:07:26 MSK" skipped="0">
  <testcase classname="CZ.CZ_DetoxTea" name="DetoxTea" time="57.868"/>
  <system-out/>
</testsuite> <!-- CZ.CZ_DetoxTea -->
