<?xml version="1.0" encoding="UTF-8"?>
<!-- Generated by org.testng.reporters.JUnitReportReporter -->
<testsuite hostname="HOME-PC" failures="0" tests="1" name="LT.LT_SlimfitTea" time="31.211" errors="0" timestamp="2021-06-18T11:24:09 MSK" skipped="0">
  <testcase classname="LT.LT_SlimfitTea" name="SlimfitTeaCOD" time="31.211"/>
  <system-out/>
</testsuite> <!-- LT.LT_SlimfitTea -->
