<?xml version="1.0" encoding="UTF-8"?>
<!-- Generated by org.testng.reporters.JUnitReportReporter -->
<testsuite hostname="HOME-PC" failures="0" tests="1" name="PL.SlimfitTea" time="43.752" errors="0" timestamp="2021-06-22T14:07:14 MSK" skipped="0">
  <testcase classname="PL.SlimfitTea" name="PL_SlimfitTea" time="43.752"/>
  <system-out/>
</testsuite> <!-- PL.SlimfitTea -->
