<?xml version="1.0" encoding="UTF-8"?>
<!-- Generated by org.testng.reporters.JUnitReportReporter -->
<testsuite hostname="HOME-PC" failures="0" tests="1" name="ES.DetoxTea" time="48.607" errors="0" timestamp="2021-06-29T17:08:22 MSK" skipped="0">
  <testcase classname="ES.DetoxTea" name="detoxTea" time="48.607"/>
  <system-out/>
</testsuite> <!-- ES.DetoxTea -->
