<?xml version="1.0" encoding="UTF-8"?>
<!-- Generated by org.testng.reporters.JUnitReportReporter -->
<testsuite hostname="HOME-PC" failures="0" tests="1" name="bg.SuperFood" time="17.817" errors="0" timestamp="12 May 2021 11:48:53 GMT" skipped="0">
  <testcase classname="bg.SuperFood" name="SlimfitSuperFood21" time="17.817"/>
</testsuite> <!-- bg.SuperFood -->
