<?xml version="1.0" encoding="UTF-8"?>
<!-- Generated by org.testng.reporters.JUnitReportReporter -->
<testsuite hostname="HOME-PC" failures="0" tests="1" name="HR.DetoxTea" time="34.908" errors="0" timestamp="2021-06-28T09:29:30 MSK" skipped="0">
  <testcase classname="HR.DetoxTea" name="detoxTea" time="34.908"/>
  <system-out/>
</testsuite> <!-- HR.DetoxTea -->
