<?xml version="1.0" encoding="UTF-8"?>
<!-- Generated by org.testng.reporters.JUnitReportReporter -->
<testsuite hostname="HOME-PC" failures="0" tests="1" name="PL.SuperFood" time="36.147" errors="0" timestamp="2021-06-15T16:24:40 MSK" skipped="0">
  <testcase classname="PL.SuperFood" name="slimfitSuperFood" time="36.147"/>
  <system-out/>
</testsuite> <!-- PL.SuperFood -->
