<?xml version="1.0" encoding="UTF-8"?>
<!-- Generated by org.testng.reporters.JUnitReportReporter -->
<testsuite hostname="HOME-PC" failures="0" tests="1" name="EE.WellnessTea" time="42.506" errors="0" timestamp="2021-05-17T11:38:11 MSK" skipped="0">
  <testcase classname="EE.WellnessTea" name="wellnessTea" time="42.506"/>
  <system-out/>
</testsuite> <!-- EE.WellnessTea -->
