<?xml version="1.0" encoding="UTF-8"?>
<!-- Generated by org.testng.reporters.JUnitReportReporter -->
<testsuite hostname="HOME-PC" failures="0" tests="1" name="BG.DetoxTea" time="36.022" errors="0" timestamp="2021-06-29T16:54:11 MSK" skipped="0">
  <testcase classname="BG.DetoxTea" name="DetoxTea1" time="36.022"/>
  <system-out/>
</testsuite> <!-- BG.DetoxTea -->
