<?xml version="1.0" encoding="UTF-8"?>
<!-- Generated by org.testng.reporters.JUnitReportReporter -->
<testsuite hostname="HOME-PC" failures="0" tests="1" name="IT.WellnessTea" time="46.123" errors="0" timestamp="2021-05-17T16:38:03 MSK" skipped="0">
  <testcase classname="IT.WellnessTea" name="wellnessTea" time="46.123"/>
  <system-out/>
</testsuite> <!-- IT.WellnessTea -->
