<?xml version="1.0" encoding="UTF-8"?>
<!-- Generated by org.testng.reporters.JUnitReportReporter -->
<testsuite hostname="HOME-PC" failures="0" tests="1" name="HR.SuperFood" time="15.015" errors="0" timestamp="28 Apr 2021 12:43:24 GMT" skipped="0">
  <testcase classname="HR.SuperFood" name="slimfitSuperFoods" time="15.015"/>
</testsuite> <!-- HR.SuperFood -->
