<?xml version="1.0" encoding="UTF-8"?>
<!-- Generated by org.testng.reporters.JUnitReportReporter -->
<testsuite hostname="HOME-PC" failures="0" tests="1" name="RO.WellnessTea" time="34.115" errors="0" timestamp="2021-05-18T10:13:22 MSK" skipped="0">
  <testcase classname="RO.WellnessTea" name="wellnessTea" time="34.115"/>
  <system-out/>
</testsuite> <!-- RO.WellnessTea -->
